<?xml version="1.0" encoding="UTF-8"?>
<!-- Generated by org.testng.reporters.JUnitReportReporter -->
<testsuite hostname="Adithya-PC" failures="0" tests="2" name="tests.AutomationFlow" time="5.347" errors="0" timestamp="2023-12-12T11:36:40 IST" skipped="0">
  <testcase classname="tests.AutomationFlow" name="scroll_up_and_down_using_arrowbutton" time="2.535"/>
  <testcase classname="tests.AutomationFlow" name="scroll_up_and_down_withour_using_arrowbutton" time="2.812"/>
</testsuite> <!-- tests.AutomationFlow -->
